C:\Users\steve.000\Documents\DevFolder\Sitefinity-Performance-Test\Sitefinity-Performance-Test\dist\out-tsc\e2e\src\app.po.js
C:\Users\steve.000\Documents\DevFolder\Sitefinity-Performance-Test\Sitefinity-Performance-Test\dist\out-tsc\e2e\src\app.po.js.map
C:\Users\steve.000\Documents\DevFolder\Sitefinity-Performance-Test\Sitefinity-Performance-Test\dist\out-tsc\e2e\src\app.e2e-spec.js
C:\Users\steve.000\Documents\DevFolder\Sitefinity-Performance-Test\Sitefinity-Performance-Test\dist\out-tsc\e2e\src\app.e2e-spec.js.map
C:\Users\steve.000\Documents\DevFolder\Sitefinity-Performance-Test\Sitefinity-Performance-Test\dist\out-tsc\src\app\interfaces\gt-metrics.js
C:\Users\steve.000\Documents\DevFolder\Sitefinity-Performance-Test\Sitefinity-Performance-Test\dist\out-tsc\src\app\interfaces\gt-metrics.js.map
C:\Users\steve.000\Documents\DevFolder\Sitefinity-Performance-Test\Sitefinity-Performance-Test\dist\out-tsc\src\app\interfaces\company.js
C:\Users\steve.000\Documents\DevFolder\Sitefinity-Performance-Test\Sitefinity-Performance-Test\dist\out-tsc\src\app\interfaces\company.js.map
C:\Users\steve.000\Documents\DevFolder\Sitefinity-Performance-Test\Sitefinity-Performance-Test\dist\out-tsc\src\environments\environment.js
C:\Users\steve.000\Documents\DevFolder\Sitefinity-Performance-Test\Sitefinity-Performance-Test\dist\out-tsc\src\environments\environment.js.map
C:\Users\steve.000\Documents\DevFolder\Sitefinity-Performance-Test\Sitefinity-Performance-Test\dist\out-tsc\src\app\services\company.service.js
C:\Users\steve.000\Documents\DevFolder\Sitefinity-Performance-Test\Sitefinity-Performance-Test\dist\out-tsc\src\app\services\company.service.js.map
C:\Users\steve.000\Documents\DevFolder\Sitefinity-Performance-Test\Sitefinity-Performance-Test\dist\out-tsc\src\app\components\detail\detail.component.js
C:\Users\steve.000\Documents\DevFolder\Sitefinity-Performance-Test\Sitefinity-Performance-Test\dist\out-tsc\src\app\components\detail\detail.component.js.map
C:\Users\steve.000\Documents\DevFolder\Sitefinity-Performance-Test\Sitefinity-Performance-Test\dist\out-tsc\src\app\components\new-company\new-company.component.js
C:\Users\steve.000\Documents\DevFolder\Sitefinity-Performance-Test\Sitefinity-Performance-Test\dist\out-tsc\src\app\components\new-company\new-company.component.js.map
C:\Users\steve.000\Documents\DevFolder\Sitefinity-Performance-Test\Sitefinity-Performance-Test\dist\out-tsc\src\app\interfaces\gt-metrics-post.js
C:\Users\steve.000\Documents\DevFolder\Sitefinity-Performance-Test\Sitefinity-Performance-Test\dist\out-tsc\src\app\interfaces\gt-metrics-post.js.map
C:\Users\steve.000\Documents\DevFolder\Sitefinity-Performance-Test\Sitefinity-Performance-Test\dist\out-tsc\src\app\services\gt-metrics.service.js
C:\Users\steve.000\Documents\DevFolder\Sitefinity-Performance-Test\Sitefinity-Performance-Test\dist\out-tsc\src\app\services\gt-metrics.service.js.map
C:\Users\steve.000\Documents\DevFolder\Sitefinity-Performance-Test\Sitefinity-Performance-Test\dist\out-tsc\src\app\services\reset.service.js
C:\Users\steve.000\Documents\DevFolder\Sitefinity-Performance-Test\Sitefinity-Performance-Test\dist\out-tsc\src\app\services\reset.service.js.map
C:\Users\steve.000\Documents\DevFolder\Sitefinity-Performance-Test\Sitefinity-Performance-Test\dist\out-tsc\src\app\components\table\table.component.js
C:\Users\steve.000\Documents\DevFolder\Sitefinity-Performance-Test\Sitefinity-Performance-Test\dist\out-tsc\src\app\components\table\table.component.js.map
C:\Users\steve.000\Documents\DevFolder\Sitefinity-Performance-Test\Sitefinity-Performance-Test\dist\out-tsc\src\app\app-routing.module.js
C:\Users\steve.000\Documents\DevFolder\Sitefinity-Performance-Test\Sitefinity-Performance-Test\dist\out-tsc\src\app\app-routing.module.js.map
C:\Users\steve.000\Documents\DevFolder\Sitefinity-Performance-Test\Sitefinity-Performance-Test\dist\out-tsc\src\app\app.component.js
C:\Users\steve.000\Documents\DevFolder\Sitefinity-Performance-Test\Sitefinity-Performance-Test\dist\out-tsc\src\app\app.component.js.map
C:\Users\steve.000\Documents\DevFolder\Sitefinity-Performance-Test\Sitefinity-Performance-Test\dist\out-tsc\src\app\components\edit-modal\edit-modal.component.js
C:\Users\steve.000\Documents\DevFolder\Sitefinity-Performance-Test\Sitefinity-Performance-Test\dist\out-tsc\src\app\components\edit-modal\edit-modal.component.js.map
C:\Users\steve.000\Documents\DevFolder\Sitefinity-Performance-Test\Sitefinity-Performance-Test\dist\out-tsc\src\app\app.module.js
C:\Users\steve.000\Documents\DevFolder\Sitefinity-Performance-Test\Sitefinity-Performance-Test\dist\out-tsc\src\app\app.module.js.map
C:\Users\steve.000\Documents\DevFolder\Sitefinity-Performance-Test\Sitefinity-Performance-Test\dist\out-tsc\src\main.js
C:\Users\steve.000\Documents\DevFolder\Sitefinity-Performance-Test\Sitefinity-Performance-Test\dist\out-tsc\src\main.js.map
C:\Users\steve.000\Documents\DevFolder\Sitefinity-Performance-Test\Sitefinity-Performance-Test\dist\out-tsc\src\polyfills.js
C:\Users\steve.000\Documents\DevFolder\Sitefinity-Performance-Test\Sitefinity-Performance-Test\dist\out-tsc\src\polyfills.js.map
C:\Users\steve.000\Documents\DevFolder\Sitefinity-Performance-Test\Sitefinity-Performance-Test\dist\out-tsc\src\test.js
C:\Users\steve.000\Documents\DevFolder\Sitefinity-Performance-Test\Sitefinity-Performance-Test\dist\out-tsc\src\test.js.map
C:\Users\steve.000\Documents\DevFolder\Sitefinity-Performance-Test\Sitefinity-Performance-Test\dist\out-tsc\src\environments\environment.prod.js
C:\Users\steve.000\Documents\DevFolder\Sitefinity-Performance-Test\Sitefinity-Performance-Test\dist\out-tsc\src\environments\environment.prod.js.map
